<?xml version="1.0" encoding="UTF-8"?>
<!-- Generated by org.testng.reporters.JUnitReportReporter -->
<testsuite skipped="0" hostname="DESKTOP-BQJ0HP0" name="athenticationTest.Auth2Test" tests="1" failures="0" timestamp="2022-03-01T19:29:36 IST" time="26.696" errors="0">
  <testcase name="authantication" time="26.696" classname="athenticationTest.Auth2Test"/>
  <system-out/>
</testsuite> <!-- athenticationTest.Auth2Test -->
