<?xml version="1.0" encoding="UTF-8"?>
<!-- Generated by org.testng.reporters.JUnitReportReporter -->
<testsuite skipped="0" hostname="DESKTOP-BQJ0HP0" name="dynamicXpath.CalenderTest" tests="1" failures="0" timestamp="2022-03-02T19:08:30 IST" time="21.102" errors="0">
  <testcase name="calender" time="21.102" classname="dynamicXpath.CalenderTest"/>
  <system-out/>
</testsuite> <!-- dynamicXpath.CalenderTest -->
