<?xml version="1.0" encoding="UTF-8"?>
<!-- Generated by org.testng.reporters.JUnitReportReporter -->
<testsuite hostname="DESKTOP-BQJ0HP0" failures="0" tests="1" name="ApiTesting.GetAllTheResourcesTest" time="7.678" errors="0" timestamp="2022-02-24T19:05:30 IST" skipped="0">
  <testcase classname="ApiTesting.GetAllTheResourcesTest" name="GetResource" time="7.678"/>
  <system-out/>
</testsuite> <!-- ApiTesting.GetAllTheResourcesTest -->
