<?xml version="1.0" encoding="UTF-8"?>
<!-- Generated by org.testng.reporters.JUnitReportReporter -->
<testsuite hostname="DESKTOP-BQJ0HP0" failures="0" tests="1" name="rngyantra.com.PutResourceTest" time="7.851" errors="0" timestamp="2022-02-25T12:49:46 IST" skipped="0">
  <testcase classname="rngyantra.com.PutResourceTest" name="putResource" time="7.851"/>
  <system-out/>
</testsuite> <!-- rngyantra.com.PutResourceTest -->
