<?xml version="1.0" encoding="UTF-8"?>
<!-- Generated by org.testng.reporters.JUnitReportReporter -->
<testsuite skipped="0" hostname="DESKTOP-BQJ0HP0" name="EndToEndTesting.TC_01" tests="1" failures="0" timestamp="2022-03-01T01:22:45 IST" time="7.936" errors="0">
  <testcase name="EndToEndTest" time="7.936" classname="EndToEndTesting.TC_01"/>
  <system-out/>
</testsuite> <!-- EndToEndTesting.TC_01 -->
