<?xml version="1.0" encoding="UTF-8"?>
<!-- Generated by org.testng.reporters.JUnitReportReporter -->
<testsuite hostname="DESKTOP-BQJ0HP0" failures="0" tests="1" name="Practice.GetAllTheProjectTest" time="8.644" errors="0" timestamp="2022-02-28T17:14:20 IST" skipped="0">
  <testcase classname="Practice.GetAllTheProjectTest" name="GetProject" time="8.644"/>
  <system-out/>
</testsuite> <!-- Practice.GetAllTheProjectTest -->
