<?xml version="1.0" encoding="UTF-8"?>
<!-- Generated by org.testng.reporters.JUnitReportReporter -->
<testsuite skipped="0" hostname="DESKTOP-BQJ0HP0" name="athenticationTest.validationUsingHamcrestTest" tests="1" failures="0" timestamp="2022-03-01T13:53:12 IST" time="6.789" errors="0">
  <testcase name="validate" time="6.789" classname="athenticationTest.validationUsingHamcrestTest"/>
  <system-out/>
</testsuite> <!-- athenticationTest.validationUsingHamcrestTest -->
