<?xml version="1.0" encoding="UTF-8"?>
<!-- Generated by org.testng.reporters.JUnitReportReporter -->
<testsuite hostname="DESKTOP-BQJ0HP0" failures="0" tests="1" name="ApiTesting.ValidateTest" time="8.982" errors="0" timestamp="2022-02-24T19:06:23 IST" skipped="0">
  <testcase classname="ApiTesting.ValidateTest" name="Validate" time="8.982"/>
  <system-out/>
</testsuite> <!-- ApiTesting.ValidateTest -->
