<?xml version="1.0" encoding="UTF-8"?>
<!-- Generated by org.testng.reporters.JUnitReportReporter -->
<testsuite hostname="DESKTOP-BQJ0HP0" failures="0" tests="1" name="ApiTesting.CreateResourceTest" time="14.524" errors="0" timestamp="2022-02-24T19:04:36 IST" skipped="0">
  <testcase classname="ApiTesting.CreateResourceTest" name="create" time="14.524"/>
  <system-out/>
</testsuite> <!-- ApiTesting.CreateResourceTest -->
