<?xml version="1.0" encoding="UTF-8"?>
<!-- Generated by org.testng.reporters.JUnitReportReporter -->
<testsuite skipped="0" hostname="DESKTOP-BQJ0HP0" name="DataBaseTest.DataConnectionTest" tests="1" failures="0" timestamp="2022-03-02T00:09:05 IST" time="19.069" errors="0">
  <testcase name="dabaseTest" time="19.069" classname="DataBaseTest.DataConnectionTest"/>
  <system-out/>
</testsuite> <!-- DataBaseTest.DataConnectionTest -->
