<?xml version="1.0" encoding="UTF-8"?>
<!-- Generated by org.testng.reporters.JUnitReportReporter -->
<testsuite hostname="DESKTOP-BQJ0HP0" failures="0" tests="1" name="rngyantra.com.CreateJsonObjectUsingHashMapTest" time="8.266" errors="0" timestamp="2022-02-25T15:11:38 IST" skipped="0">
  <testcase classname="rngyantra.com.CreateJsonObjectUsingHashMapTest" name="creatFile" time="8.266"/>
  <system-out/>
</testsuite> <!-- rngyantra.com.CreateJsonObjectUsingHashMapTest -->
