<?xml version="1.0" encoding="UTF-8"?>
<!-- Generated by org.testng.reporters.JUnitReportReporter -->
<testsuite hostname="DESKTOP-BQJ0HP0" failures="0" tests="1" name="PathPathParameter.RequestChaining" time="22.428" errors="0" timestamp="2022-02-28T20:39:50 IST" skipped="0">
  <testcase classname="PathPathParameter.RequestChaining" name="chaining" time="22.428"/>
  <system-out/>
</testsuite> <!-- PathPathParameter.RequestChaining -->
