<?xml version="1.0" encoding="UTF-8"?>
<!-- Generated by org.testng.reporters.JUnitReportReporter -->
<testsuite hostname="DESKTOP-BQJ0HP0" failures="0" tests="1" name="rngyantra.com.PojoImplementationTest" time="12.341" errors="0" timestamp="2022-02-25T14:50:42 IST" skipped="0">
  <testcase classname="rngyantra.com.PojoImplementationTest" name="cratePojo" time="12.341"/>
  <system-out/>
</testsuite> <!-- rngyantra.com.PojoImplementationTest -->
