<?xml version="1.0" encoding="UTF-8"?>
<!-- Generated by org.testng.reporters.JUnitReportReporter -->
<testsuite hostname="DESKTOP-BQJ0HP0" failures="0" tests="1" name="rngyantra.com.JsonObjectUsingFileTest" time="19.069" errors="0" timestamp="2022-02-25T15:05:12 IST" skipped="0">
  <testcase classname="rngyantra.com.JsonObjectUsingFileTest" name="createdFile" time="19.069"/>
  <system-out/>
</testsuite> <!-- rngyantra.com.JsonObjectUsingFileTest -->
