<?xml version="1.0" encoding="UTF-8"?>
<!-- Generated by org.testng.reporters.JUnitReportReporter -->
<testsuite hostname="DESKTOP-BQJ0HP0" failures="0" tests="1" name="ApiTesting.PartialUpdatetionTest" time="9.313" errors="0" timestamp="2022-02-25T08:32:34 IST" skipped="0">
  <testcase classname="ApiTesting.PartialUpdatetionTest" name="update" time="9.313"/>
  <system-out/>
</testsuite> <!-- ApiTesting.PartialUpdatetionTest -->
