<?xml version="1.0" encoding="UTF-8"?>
<!-- Generated by org.testng.reporters.JUnitReportReporter -->
<testsuite skipped="0" hostname="DESKTOP-BQJ0HP0" name="PathPathParameter.PostAndDeleteChaining" tests="1" failures="0" timestamp="2022-03-01T01:07:50 IST" time="7.959" errors="0">
  <testcase name="createDelete" time="7.959" classname="PathPathParameter.PostAndDeleteChaining"/>
  <system-out/>
</testsuite> <!-- PathPathParameter.PostAndDeleteChaining -->
