<?xml version="1.0" encoding="UTF-8"?>
<!-- Generated by org.testng.reporters.JUnitReportReporter -->
<testsuite skipped="0" hostname="DESKTOP-BQJ0HP0" name="DataBaseTest.ConnetDataBase" tests="1" failures="0" timestamp="2022-03-01T23:39:48 IST" time="1.919" errors="0">
  <testcase name="test" time="1.919" classname="DataBaseTest.ConnetDataBase"/>
  <system-out/>
</testsuite> <!-- DataBaseTest.ConnetDataBase -->
