<?xml version="1.0" encoding="UTF-8"?>
<!-- Generated by org.testng.reporters.JUnitReportReporter -->
<testsuite skipped="0" hostname="DESKTOP-BQJ0HP0" name="athenticationTest.BasicAuthTest" tests="1" failures="0" timestamp="2022-03-01T13:48:53 IST" time="5.267" errors="0">
  <testcase name="authantication" time="5.267" classname="athenticationTest.BasicAuthTest"/>
  <system-out/>
</testsuite> <!-- athenticationTest.BasicAuthTest -->
