<?xml version="1.0" encoding="UTF-8"?>
<!-- Generated by org.testng.reporters.JUnitReportReporter -->
<testsuite hostname="DESKTOP-BQJ0HP0" failures="0" tests="1" name="Practice.PutTest" time="5.341" errors="0" timestamp="2022-02-24T23:45:23 IST" skipped="0">
  <testcase classname="Practice.PutTest" name="put" time="5.341"/>
  <system-out/>
</testsuite> <!-- Practice.PutTest -->
