<?xml version="1.0" encoding="UTF-8"?>
<!-- Generated by org.testng.reporters.JUnitReportReporter -->
<testsuite hostname="DESKTOP-BQJ0HP0" failures="0" tests="1" name="PathPathParameter.QueryParameterTest" time="11.596" errors="0" timestamp="2022-02-28T16:30:11 IST" skipped="0">
  <testcase classname="PathPathParameter.QueryParameterTest" name="parameter" time="11.596"/>
  <system-out/>
</testsuite> <!-- PathPathParameter.QueryParameterTest -->
