<?xml version="1.0" encoding="UTF-8"?>
<!-- Generated by org.testng.reporters.JUnitReportReporter -->
<testsuite skipped="0" hostname="DESKTOP-BQJ0HP0" name="athenticationTest.TokenValidationTest" tests="1" failures="0" timestamp="2022-03-01T14:35:10 IST" time="8.098" errors="0">
  <testcase name="tokenTest" time="8.098" classname="athenticationTest.TokenValidationTest"/>
  <system-out/>
</testsuite> <!-- athenticationTest.TokenValidationTest -->
