<?xml version="1.0" encoding="UTF-8"?>
<!-- Generated by org.testng.reporters.JUnitReportReporter -->
<testsuite hostname="DESKTOP-BQJ0HP0" failures="0" tests="1" name="Practice.CreateResourceTest" time="5.959" errors="0" timestamp="2022-02-24T23:24:47 IST" skipped="0">
  <testcase classname="Practice.CreateResourceTest" name="Create" time="5.959"/>
  <system-out/>
</testsuite> <!-- Practice.CreateResourceTest -->
