<?xml version="1.0" encoding="UTF-8"?>
<!-- Generated by org.testng.reporters.JUnitReportReporter -->
<testsuite hostname="DESKTOP-BQJ0HP0" failures="0" tests="1" name="rngyantra.com.DyanamicValueResponseTest" time="16.884" errors="0" timestamp="2022-02-28T15:00:55 IST" skipped="0">
  <testcase classname="rngyantra.com.DyanamicValueResponseTest" name="dyanamicValueTest" time="16.884"/>
  <system-out/>
</testsuite> <!-- rngyantra.com.DyanamicValueResponseTest -->
