<?xml version="1.0" encoding="UTF-8"?>
<!-- Generated by org.testng.reporters.JUnitReportReporter -->
<testsuite hostname="DESKTOP-BQJ0HP0" failures="0" tests="1" name="Practice.CreateJsonObjectUsingHashMapTest" time="63.295" errors="0" timestamp="2022-02-27T19:31:27 IST" skipped="0">
  <testcase classname="Practice.CreateJsonObjectUsingHashMapTest" name="creatFile" time="63.295"/>
  <system-out/>
</testsuite> <!-- Practice.CreateJsonObjectUsingHashMapTest -->
