<?xml version="1.0" encoding="UTF-8"?>
<!-- Generated by org.testng.reporters.JUnitReportReporter -->
<testsuite skipped="0" hostname="DESKTOP-BQJ0HP0" name="athenticationTest.AthenticationTest" tests="2" failures="0" timestamp="2022-03-01T13:48:36 IST" time="5.698" errors="0">
  <testcase name="preemptiveAuth" time="0.411" classname="athenticationTest.AthenticationTest"/>
  <system-out/>
  <testcase name="digestiveAuth" time="5.287" classname="athenticationTest.AthenticationTest"/>
  <system-out/>
</testsuite> <!-- athenticationTest.AthenticationTest -->
