<?xml version="1.0" encoding="UTF-8"?>
<!-- Generated by org.testng.reporters.JUnitReportReporter -->
<testsuite hostname="DESKTOP-BQJ0HP0" failures="0" tests="1" name="rngyantra.com.StaticResponseValidation" time="10.881" errors="0" timestamp="2022-02-28T12:26:15 IST" skipped="0">
  <testcase classname="rngyantra.com.StaticResponseValidation" name="staticValidation" time="10.881"/>
  <system-out/>
</testsuite> <!-- rngyantra.com.StaticResponseValidation -->
