<?xml version="1.0" encoding="UTF-8"?>
<!-- Generated by org.testng.reporters.JUnitReportReporter -->
<testsuite hostname="DESKTOP-BQJ0HP0" failures="0" tests="1" name="rngyantra.com.GetResourceTest" time="7.605" errors="0" timestamp="2022-02-25T12:26:23 IST" skipped="0">
  <testcase classname="rngyantra.com.GetResourceTest" name="get" time="7.605"/>
  <system-out/>
</testsuite> <!-- rngyantra.com.GetResourceTest -->
