<?xml version="1.0" encoding="UTF-8"?>
<!-- Generated by org.testng.reporters.JUnitReportReporter -->
<testsuite hostname="DESKTOP-BQJ0HP0" failures="0" tests="1" name="rngyantra.com.DeleteResourcesTest" time="5.535" errors="0" timestamp="2022-02-25T13:05:14 IST" skipped="0">
  <testcase classname="rngyantra.com.DeleteResourcesTest" name="DeleteResource" time="5.535"/>
  <system-out/>
</testsuite> <!-- rngyantra.com.DeleteResourcesTest -->
