<?xml version="1.0" encoding="UTF-8"?>
<!-- Generated by org.testng.reporters.JUnitReportReporter -->
<testsuite hostname="DESKTOP-BQJ0HP0" failures="0" tests="1" name="rngyantra.com.PatchResourcesTest" time="13.282" errors="0" timestamp="2022-02-25T13:17:03 IST" skipped="0">
  <testcase classname="rngyantra.com.PatchResourcesTest" name="patchResource" time="13.282"/>
  <system-out/>
</testsuite> <!-- rngyantra.com.PatchResourcesTest -->
