<?xml version="1.0" encoding="UTF-8"?>
<!-- Generated by org.testng.reporters.JUnitReportReporter -->
<testsuite hostname="DESKTOP-BQJ0HP0" failures="0" tests="1" name="rngyantra.com.HeaderValidationTest" time="12.881" errors="0" timestamp="2022-02-28T12:13:14 IST" skipped="0">
  <testcase classname="rngyantra.com.HeaderValidationTest" name="validation" time="12.881"/>
  <system-out/>
</testsuite> <!-- rngyantra.com.HeaderValidationTest -->
