<?xml version="1.0" encoding="UTF-8"?>
<!-- Generated by org.testng.reporters.JUnitReportReporter -->
<testsuite hostname="DESKTOP-BQJ0HP0" failures="0" tests="1" name="ApiTesting.DeleteResourceTest" time="7.518" errors="0" timestamp="2022-02-24T19:11:39 IST" skipped="0">
  <testcase classname="ApiTesting.DeleteResourceTest" name="Delete" time="7.518"/>
  <system-out/>
</testsuite> <!-- ApiTesting.DeleteResourceTest -->
