<?xml version="1.0" encoding="UTF-8"?>
<!-- Generated by org.testng.reporters.JUnitReportReporter -->
<testsuite skipped="0" hostname="DESKTOP-BQJ0HP0" name="athenticationTest.DataDrivenUsingDataProvader" tests="3" failures="0" timestamp="2022-03-01T13:11:55 IST" time="4.415" errors="0">
  <testcase name="dataTest" time="0.128" classname="athenticationTest.DataDrivenUsingDataProvader"/>
  <system-out/>
  <testcase name="dataTest" time="4.121" classname="athenticationTest.DataDrivenUsingDataProvader"/>
  <system-out/>
  <testcase name="dataTest" time="0.166" classname="athenticationTest.DataDrivenUsingDataProvader"/>
  <system-out/>
</testsuite> <!-- athenticationTest.DataDrivenUsingDataProvader -->
