<?xml version="1.0" encoding="UTF-8"?>
<!-- Generated by org.testng.reporters.JUnitReportReporter -->
<testsuite skipped="0" hostname="DESKTOP-BQJ0HP0" name="EndToEndTesting.TC_02" tests="1" failures="0" timestamp="2022-03-01T10:48:17 IST" time="8.999" errors="0">
  <testcase name="postAndGet" time="8.999" classname="EndToEndTesting.TC_02"/>
  <system-out/>
</testsuite> <!-- EndToEndTesting.TC_02 -->
