<?xml version="1.0" encoding="UTF-8"?>
<!-- Generated by org.testng.reporters.JUnitReportReporter -->
<testsuite skipped="0" hostname="DESKTOP-BQJ0HP0" name="Practice.CreateJsonObjectUsingHashMapTest" tests="1" failures="0" timestamp="2022-03-01T00:01:52 IST" time="0.582" errors="0">
  <testcase name="creatFile" time="0.582" classname="Practice.CreateJsonObjectUsingHashMapTest"/>
  <system-out/>
</testsuite> <!-- Practice.CreateJsonObjectUsingHashMapTest -->
