<?xml version="1.0" encoding="UTF-8"?>
<!-- Generated by org.testng.reporters.JUnitReportReporter -->
<testsuite skipped="0" hostname="DESKTOP-BQJ0HP0" name="ApiTesting.CreateResourceTest" tests="1" failures="0" timestamp="2022-03-01T00:01:52 IST" time="21.843" errors="0">
  <testcase name="create" time="21.843" classname="ApiTesting.CreateResourceTest"/>
  <system-out/>
</testsuite> <!-- ApiTesting.CreateResourceTest -->
