<?xml version="1.0" encoding="UTF-8"?>
<!-- Generated by org.testng.reporters.JUnitReportReporter -->
<testsuite skipped="0" hostname="DESKTOP-BQJ0HP0" name="rngyantra.com.PatchResourcesTest" tests="1" failures="0" timestamp="2022-03-01T00:01:51 IST" time="0.507" errors="0">
  <testcase name="patchResource" time="0.507" classname="rngyantra.com.PatchResourcesTest"/>
  <system-out/>
</testsuite> <!-- rngyantra.com.PatchResourcesTest -->
