<?xml version="1.0" encoding="UTF-8"?>
<!-- Generated by org.testng.reporters.JUnitReportReporter -->
<testsuite skipped="0" hostname="DESKTOP-BQJ0HP0" name="rngyantra.com.PojoImplementationTest" tests="1" failures="0" timestamp="2022-03-01T00:01:51 IST" time="3.654" errors="0">
  <testcase name="cratePojo" time="3.654" classname="rngyantra.com.PojoImplementationTest"/>
  <system-out/>
</testsuite> <!-- rngyantra.com.PojoImplementationTest -->
