<?xml version="1.0" encoding="UTF-8"?>
<!-- Generated by org.testng.reporters.JUnitReportReporter -->
<testsuite skipped="0" hostname="DESKTOP-BQJ0HP0" name="rngyantra.com.HeaderValidationTest" tests="1" failures="0" timestamp="2022-03-01T00:01:52 IST" time="0.263" errors="0">
  <testcase name="validation" time="0.263" classname="rngyantra.com.HeaderValidationTest"/>
  <system-out/>
</testsuite> <!-- rngyantra.com.HeaderValidationTest -->
