<?xml version="1.0" encoding="UTF-8"?>
<!-- Generated by org.testng.reporters.JUnitReportReporter -->
<testsuite skipped="0" hostname="DESKTOP-BQJ0HP0" name="PathPathParameter.QueryParameterTest" tests="1" failures="0" timestamp="2022-03-01T00:01:51 IST" time="0.452" errors="0">
  <testcase name="parameter" time="0.452" classname="PathPathParameter.QueryParameterTest"/>
  <system-out/>
</testsuite> <!-- PathPathParameter.QueryParameterTest -->
