<?xml version="1.0" encoding="UTF-8"?>
<!-- Generated by org.testng.reporters.JUnitReportReporter -->
<testsuite skipped="0" hostname="DESKTOP-BQJ0HP0" name="Practice.PostResourceTest" tests="1" failures="0" timestamp="2022-03-01T00:01:52 IST" time="0.228" errors="0">
  <testcase name="postResource" time="0.228" classname="Practice.PostResourceTest"/>
  <system-out/>
</testsuite> <!-- Practice.PostResourceTest -->
