<?xml version="1.0" encoding="UTF-8"?>
<!-- Generated by org.testng.reporters.JUnitReportReporter -->
<testsuite skipped="0" hostname="DESKTOP-BQJ0HP0" name="PathPathParameter.MultiParameterTest" tests="1" failures="0" timestamp="2022-03-01T00:01:51 IST" time="0.581" errors="0">
  <testcase name="parameter" time="0.581" classname="PathPathParameter.MultiParameterTest"/>
  <system-out/>
</testsuite> <!-- PathPathParameter.MultiParameterTest -->
